#
# There is insufficient memory for the Java Runtime Environment to continue.
# Native memory allocation (malloc) failed to allocate 1048576 bytes. Error detail: AllocateHeap
# Possible reasons:
#   The system is out of physical RAM or swap space
#   This process is running with CompressedOops enabled, and the Java Heap may be blocking the growth of the native heap
# Possible solutions:
#   Reduce memory load on the system
#   Increase physical memory or swap space
#   Check if swap backing store is full
#   Decrease Java heap size (-Xmx/-Xms)
#   Decrease number of Java threads
#   Decrease Java thread stack sizes (-Xss)
#   Set larger code cache with -XX:ReservedCodeCacheSize=
#   JVM is running with Unscaled Compressed Oops mode in which the Java heap is
#     placed in the first 4GB address space. The Java Heap base address is the
#     maximum limit for the native heap growth. Please use -XX:HeapBaseMinAddress
#     to set the Java Heap base and to place the Java Heap above 4GB virtual address.
# This output file may be truncated or incomplete.
#
#  Out of Memory Error (allocation.cpp:44), pid=14356, tid=15348
#
# JRE version:  (23.0.2+7) (build )
# Java VM: Java HotSpot(TM) 64-Bit Server VM (23.0.2+7-58, mixed mode, sharing, tiered, compressed oops, compressed class ptrs, g1 gc, windows-amd64)
# No core dump will be written. Minidumps are not enabled by default on client versions of Windows
#

---------------  S U M M A R Y ------------

Command Line: --module-path=C:\Users\Khanh Academy\.m2\repository\org\openjfx\javafx-base\23\javafx-base-23-win.jar;C:\Users\Khanh Academy\.m2\repository\org\openjfx\javafx-base\23\javafx-base-23.jar;C:\Users\Khanh Academy\.m2\repository\org\openjfx\javafx-controls\23\javafx-controls-23-win.jar;C:\Users\Khanh Academy\.m2\repository\org\openjfx\javafx-controls\23\javafx-controls-23.jar;C:\Users\Khanh Academy\.m2\repository\org\openjfx\javafx-graphics\23\javafx-graphics-23-win.jar;C:\Users\Khanh Academy\.m2\repository\org\openjfx\javafx-graphics\23\javafx-graphics-23.jar --add-modules=javafx.base,javafx.controls,javafx.graphics game.UI

Host: Intel(R) Core(TM) i7-9750H CPU @ 2.60GHz, 12 cores, 23G,  Windows 10 , 64 bit Build 19041 (10.0.19041.5915)
Time: Thu Aug  7 17:52:37 2025 Pacific Daylight Time elapsed time: 0.025077 seconds (0d 0h 0m 0s)

---------------  T H R E A D  ---------------

Current thread (0x0000017f412505c0):  JavaThread "Unknown thread" [_thread_in_vm, id=15348, stack(0x0000000316100000,0x0000000316200000) (1024K)]

Stack: [0x0000000316100000,0x0000000316200000]
Native frames: (J=compiled Java code, j=interpreted, Vv=VM code, C=native code)
V  [jvm.dll+0x6e0b99]  (no source info available)
V  [jvm.dll+0x87e2b3]  (no source info available)
V  [jvm.dll+0x88073e]  (no source info available)
V  [jvm.dll+0x880e13]  (no source info available)
V  [jvm.dll+0x27b006]  (no source info available)
V  [jvm.dll+0xb6a17]  (no source info available)
V  [jvm.dll+0x326bf8]  (no source info available)
V  [jvm.dll+0x844969]  (no source info available)
V  [jvm.dll+0x3b9a08]  (no source info available)
V  [jvm.dll+0x82d68c]  (no source info available)
V  [jvm.dll+0x454f2e]  (no source info available)
V  [jvm.dll+0x456db1]  (no source info available)
C  [jli.dll+0x52a3]  (no source info available)
C  [ucrtbase.dll+0x21bb2]  (no source info available)
C  [KERNEL32.DLL+0x17374]  (no source info available)
C  [ntdll.dll+0x4cc91]  (no source info available)

Lock stack of current Java thread (top to bottom):


---------------  P R O C E S S  ---------------

Threads class SMR info:
_java_thread_list=0x00007ff8cff74618, length=0, elements={
}

Java Threads: ( => current thread )
Total: 0

Other Threads:

=>0x0000017f412505c0 (exited) JavaThread "Unknown thread"    [_thread_in_vm, id=15348, stack(0x0000000316100000,0x0000000316200000) (1024K)]
Total: 1

Threads with active compile tasks:
Total: 0

VM state: not at safepoint (not fully initialized)

VM Mutex/Monitor currently owned by a thread: None

Heap address: 0x0000000000000000, size: 0 MB, Compressed Oops mode: 32-bit

CDS archive(s) mapped at: [0x0000000000000000-0x0000000000000000-0x0000000000000000), size 0, SharedBaseAddress: 0x0000000800000000, ArchiveRelocationMode: 1.
Narrow klass base: 0x0000000000000000, Narrow klass shift: 0, Narrow klass range: 0x0

GC Precious Log:
 CardTable entry size: 512
 Card Set container configuration: InlinePtr #cards 4 size 8 Array Of Cards #cards 32 size 80 Howl #buckets 8 coarsen threshold 7372 Howl Bitmap #cards 1024 size 144 coarsen threshold 921 Card regions per heap region 1 cards per card region 8192

GC Heap History (0 events):
No events

Dll operation events (1 events):
Event: 0.021 Loaded shared library C:\Program Files\Java\jdk-23\bin\java.dll

Deoptimization events (0 events):
No events

Classes loaded (0 events):
No events

Classes unloaded (0 events):
No events

Classes redefined (0 events):
No events

Internal exceptions (0 events):
No events

VM Operations (0 events):
No events

Memory protections (0 events):
No events

Nmethod flushes (0 events):
No events

Events (0 events):
No events


Dynamic libraries:
0x00007ff6f22c0000 - 0x00007ff6f22d0000 	C:\Program Files\Java\jdk-23\bin\java.exe
0x00007ff946f70000 - 0x00007ff947168000 	C:\WINDOWS\SYSTEM32\ntdll.dll
0x00007ff945920000 - 0x00007ff9459e2000 	C:\WINDOWS\System32\KERNEL32.DLL
0x00007ff9449d0000 - 0x00007ff944cc6000 	C:\WINDOWS\System32\KERNELBASE.dll
0x00007ff944e90000 - 0x00007ff944f90000 	C:\WINDOWS\System32\ucrtbase.dll
0x00007ff93e410000 - 0x00007ff93e427000 	C:\Program Files\Java\jdk-23\bin\jli.dll
0x00007ff93cad0000 - 0x00007ff93caeb000 	C:\Program Files\Java\jdk-23\bin\VCRUNTIME140.dll
0x00007ff945200000 - 0x00007ff94539d000 	C:\WINDOWS\System32\USER32.dll
0x00007ff944e60000 - 0x00007ff944e82000 	C:\WINDOWS\System32\win32u.dll
0x00007ff946440000 - 0x00007ff94646b000 	C:\WINDOWS\System32\GDI32.dll
0x00007ff944720000 - 0x00007ff944839000 	C:\WINDOWS\System32\gdi32full.dll
0x00007ff923d70000 - 0x00007ff92400a000 	C:\WINDOWS\WinSxS\amd64_microsoft.windows.common-controls_6595b64144ccf1df_6.0.19041.5915_none_60b4b9d171f9c7c7\COMCTL32.dll
0x00007ff944680000 - 0x00007ff94471d000 	C:\WINDOWS\System32\msvcp_win.dll
0x00007ff945880000 - 0x00007ff94591e000 	C:\WINDOWS\System32\msvcrt.dll
0x00007ff946380000 - 0x00007ff9463af000 	C:\WINDOWS\System32\IMM32.DLL
0x00007ff93e4a0000 - 0x00007ff93e4ac000 	C:\Program Files\Java\jdk-23\bin\vcruntime140_1.dll
0x00007ff911740000 - 0x00007ff9117ce000 	C:\Program Files\Java\jdk-23\bin\msvcp140.dll
0x00007ff8cf380000 - 0x00007ff8d00d0000 	C:\Program Files\Java\jdk-23\bin\server\jvm.dll
0x00007ff946af0000 - 0x00007ff946ba1000 	C:\WINDOWS\System32\ADVAPI32.dll
0x00007ff946ce0000 - 0x00007ff946d7f000 	C:\WINDOWS\System32\sechost.dll
0x00007ff9450d0000 - 0x00007ff9451f3000 	C:\WINDOWS\System32\RPCRT4.dll
0x00007ff9449a0000 - 0x00007ff9449c7000 	C:\WINDOWS\System32\bcrypt.dll
0x00007ff945a80000 - 0x00007ff945aeb000 	C:\WINDOWS\System32\WS2_32.dll
0x00007ff943b50000 - 0x00007ff943b9b000 	C:\WINDOWS\SYSTEM32\POWRPROF.dll
0x00007ff939030000 - 0x00007ff939057000 	C:\WINDOWS\SYSTEM32\WINMM.dll
0x00007ff93d340000 - 0x00007ff93d34a000 	C:\WINDOWS\SYSTEM32\VERSION.dll
0x00007ff9439c0000 - 0x00007ff9439d2000 	C:\WINDOWS\SYSTEM32\UMPDC.dll
0x00007ff942620000 - 0x00007ff942632000 	C:\WINDOWS\SYSTEM32\kernel.appcore.dll
0x00007ff93cac0000 - 0x00007ff93caca000 	C:\Program Files\Java\jdk-23\bin\jimage.dll
0x00007ff9421b0000 - 0x00007ff9423b1000 	C:\WINDOWS\SYSTEM32\DBGHELP.DLL
0x00007ff939f90000 - 0x00007ff939fc4000 	C:\WINDOWS\SYSTEM32\dbgcore.DLL
0x00007ff944dd0000 - 0x00007ff944e52000 	C:\WINDOWS\System32\bcryptPrimitives.dll
0x00007ff937980000 - 0x00007ff93799e000 	C:\Program Files\Java\jdk-23\bin\java.dll
0x00007ff946660000 - 0x00007ff94678b000 	C:\WINDOWS\System32\ole32.dll
0x00007ff946790000 - 0x00007ff946ae3000 	C:\WINDOWS\System32\combase.dll
0x00007ff945c10000 - 0x00007ff94637e000 	C:\WINDOWS\System32\SHELL32.dll

dbghelp: loaded successfully - version: 4.0.5 - missing functions: none
symbol engine: initialized successfully - sym options: 0x614 - pdb path: .;C:\Program Files\Java\jdk-23\bin;C:\WINDOWS\SYSTEM32;C:\WINDOWS\WinSxS\amd64_microsoft.windows.common-controls_6595b64144ccf1df_6.0.19041.5915_none_60b4b9d171f9c7c7;C:\Program Files\Java\jdk-23\bin\server

VM Arguments:
jvm_args: --module-path=C:\Users\Khanh Academy\.m2\repository\org\openjfx\javafx-base\23\javafx-base-23-win.jar;C:\Users\Khanh Academy\.m2\repository\org\openjfx\javafx-base\23\javafx-base-23.jar;C:\Users\Khanh Academy\.m2\repository\org\openjfx\javafx-controls\23\javafx-controls-23-win.jar;C:\Users\Khanh Academy\.m2\repository\org\openjfx\javafx-controls\23\javafx-controls-23.jar;C:\Users\Khanh Academy\.m2\repository\org\openjfx\javafx-graphics\23\javafx-graphics-23-win.jar;C:\Users\Khanh Academy\.m2\repository\org\openjfx\javafx-graphics\23\javafx-graphics-23.jar --add-modules=javafx.base,javafx.controls,javafx.graphics 
java_command: game.UI
java_class_path (initial): D:\Code\Repos\CMPT371\CMPT371-GP17\MazeGame\target\classes
Launcher Type: SUN_STANDARD

[Global flags]
     intx CICompilerCount                          = 4                                         {product} {ergonomic}
     uint ConcGCThreads                            = 3                                         {product} {ergonomic}
     uint G1ConcRefinementThreads                  = 10                                        {product} {ergonomic}
   size_t G1HeapRegionSize                         = 4194304                                   {product} {ergonomic}
   size_t InitialHeapSize                          = 402653184                                 {product} {ergonomic}
   size_t MarkStackSize                            = 4194304                                   {product} {ergonomic}
   size_t MaxHeapSize                              = 6421479424                                {product} {ergonomic}
   size_t MinHeapDeltaBytes                        = 4194304                                   {product} {ergonomic}
   size_t MinHeapSize                              = 8388608                                   {product} {ergonomic}
    uintx NonNMethodCodeHeapSize                   = 5832704                                {pd product} {ergonomic}
    uintx NonProfiledCodeHeapSize                  = 122945536                              {pd product} {ergonomic}
    uintx ProfiledCodeHeapSize                     = 122880000                              {pd product} {ergonomic}
    uintx ReservedCodeCacheSize                    = 251658240                              {pd product} {ergonomic}
     bool SegmentedCodeCache                       = true                                      {product} {ergonomic}
   size_t SoftMaxHeapSize                          = 6421479424                             {manageable} {ergonomic}
     bool UseCompressedOops                        = true                           {product lp64_product} {ergonomic}
     bool UseG1GC                                  = true                                      {product} {ergonomic}
     bool UseLargePagesIndividualAllocation        = false                                  {pd product} {ergonomic}

Logging:
Log output configuration:
 #0: stdout all=warning uptime,level,tags foldmultilines=false
 #1: stderr all=off uptime,level,tags foldmultilines=false

Environment Variables:
PATH=D:\miniconda;D:\miniconda\Library\mingw-w64\bin;D:\miniconda\Library\usr\bin;D:\miniconda\Library\bin;D:\miniconda\Scripts;D:\miniconda\bin;D:\miniconda\condabin;C:\Program Files\Common Files\Oracle\Java\javapath;C:\Program Files (x86)\Common Files\Oracle\Java\javapath;C:\Windows\system32;C:\Windows;C:\Windows\System32\Wbem;C:\Windows\System32\WindowsPowerShell\v1.0;C:\Windows\System32\OpenSSH;C:\Program Files\NVIDIA Corporation\NVIDIA NvDLISR;C:\Program Files (x86)\QuickTime\QTSystem;C:\WINDOWS\system32;C:\WINDOWS;C:\WINDOWS\System32\Wbem;C:\WINDOWS\System32\WindowsPowerShell\v1.0;C:\WINDOWS\System32\OpenSSH;C:\Program Files\dotnet;C:\Program Files\Airshipper;D:\nodejs;D:\MATLAB\bin;C:\Program Files (x86)\NVIDIA Corporation\PhysX\Common;C:\Program Files\Neovim\bin;C:\Program Files\Git\cmd;C:\Program Files\Docker\Docker\resources\bin;D:\CMake\bin;C:\ProgramData\chocolatey\bin;C:\ProgramData\chocolatey\lib\maven\apache-maven-3.9.9\bin;D:\PuTTy;C:\Users\Khanh Academy\AppData\Local\Microsoft\WindowsApps;C:\Users\Khanh Academy\AppData\Local\Programs\Microsoft VS Code\bin;C:\Users\Khanh Academy\AppData\Local\GitHubDesktop\bin;C:\msys64\ucrt64\bin;C:\Users\Khanh Academy\AppData\Roaming\npm;D:\ghcup\bin;C:\Users\Khanh Academy\AppData\Local\Microsoft\WinGet\Packages\JernejSimoncic.Wget_Microsoft.Winget.Source_8wekyb3d8bbwe;C:\Users\Khanh Academy\AppData\Local\Microsoft\WinGet\Packages\JernejSimoncic.Wget_Microsoft.Winget.Source_8wekyb3d8bbwe;C:\Users\Khanh Academy\AppData\Local\Programs\cursor\resources\app\bin;C:\Program Files\PuTTY
USERNAME=Khanh Academy
LANG=en_US.UTF-8
OS=Windows_NT
PROCESSOR_IDENTIFIER=Intel64 Family 6 Model 158 Stepping 10, GenuineIntel
TMP=C:\Users\KHANHA~1\AppData\Local\Temp
TEMP=C:\Users\KHANHA~1\AppData\Local\Temp




Periodic native trim disabled

---------------  S Y S T E M  ---------------

OS:
 Windows 10 , 64 bit Build 19041 (10.0.19041.5915)
OS uptime: 55 days 14:43 hours
Hyper-V role detected

CPU: total 12 (initial active 12) (6 cores per cpu, 2 threads per core) family 6 model 158 stepping 10 microcode 0xb4, cx8, cmov, fxsr, ht, mmx, 3dnowpref, sse, sse2, sse3, ssse3, sse4.1, sse4.2, popcnt, lzcnt, tsc, tscinvbit, avx, avx2, aes, erms, clmul, bmi1, bmi2, adx, fma, vzeroupper, clflush, clflushopt, hv, rdtscp, f16c
Processor Information for the first 12 processors :
  Max Mhz: 2592, Current Mhz: 2592, Mhz Limit: 2592

Memory: 4k page, system-wide physical 24495M (4008M free)
TotalPageFile size 54860M (AvailPageFile size 121M)
current process WorkingSet (physical memory assigned to process): 11M, peak: 11M
current process commit charge ("private bytes"): 18M, peak: 19M

vm_info: Java HotSpot(TM) 64-Bit Server VM (23.0.2+7-58) for windows-amd64 JRE (23.0.2+7-58), built on 2024-11-29T09:34:55Z with MS VC++ 17.6 (VS2022)

END.
